<?xml version="1.0" encoding="UTF-8"?>
<!-- Generated by org.testng.reporters.JUnitReportReporter -->
<testsuite hostname="DISHU" failures="0" tests="5" name="testcases.HomePageTest" time="86.171" errors="0" timestamp="2022-07-26T14:30:07 PYT" skipped="0">
  <testcase classname="testcases.HomePageTest" name="homePageTitleTest" time="17.023"/>
  <testcase classname="testcases.HomePageTest" name="headerTextTest" time="17.069"/>
  <testcase classname="testcases.HomePageTest" name="contactsTest" time="17.313"/>
  <testcase classname="testcases.HomePageTest" name="dealsTest" time="17.409"/>
  <testcase classname="testcases.HomePageTest" name="tasksTest" time="17.357"/>
</testsuite> <!-- testcases.HomePageTest -->
