<?xml version="1.0" encoding="UTF-8"?>
<!-- Generated by org.testng.reporters.JUnitReportReporter -->
<testsuite hostname="DISHU" failures="0" tests="6" name="testcases.DealsPageTest" time="113.726" errors="0" timestamp="2022-07-26T14:30:07 PYT" skipped="0">
  <testcase classname="testcases.DealsPageTest" name="dealsLabelTest" time="17.905"/>
  <testcase classname="testcases.DealsPageTest" name="validateNewDealsTest" time="19.287"/>
  <testcase classname="testcases.DealsPageTest" name="validateNewDealsTest" time="19.147"/>
  <testcase classname="testcases.DealsPageTest" name="validateNewDealsTest" time="18.925"/>
  <testcase classname="testcases.DealsPageTest" name="validateNewDealsTest" time="19.393"/>
  <testcase classname="testcases.DealsPageTest" name="validateNewDealsTest" time="19.069"/>
</testsuite> <!-- testcases.DealsPageTest -->
