<?xml version="1.0" encoding="UTF-8"?>
<!-- Generated by org.testng.reporters.JUnitReportReporter -->
<testsuite hostname="DISHU" failures="0" tests="5" name="testcases.TasksPageTest" time="94.324" errors="0" timestamp="2022-07-26T14:30:07 PYT" skipped="0">
  <testcase classname="testcases.TasksPageTest" name="tasksLabelTest" time="17.894"/>
  <testcase classname="testcases.TasksPageTest" name="validatenewTasksTest" time="19.000"/>
  <testcase classname="testcases.TasksPageTest" name="validatenewTasksTest" time="18.747"/>
  <testcase classname="testcases.TasksPageTest" name="validatenewTasksTest" time="18.911"/>
  <testcase classname="testcases.TasksPageTest" name="validatenewTasksTest" time="19.772"/>
</testsuite> <!-- testcases.TasksPageTest -->
