<?xml version="1.0" encoding="UTF-8"?>
<!-- Generated by org.testng.reporters.JUnitReportReporter -->
<testsuite hostname="DISHU" failures="0" tests="3" name="testcases.LoginPageTest" time="26.285" errors="0" timestamp="2022-07-26T14:30:07 PYT" skipped="0">
  <testcase classname="testcases.LoginPageTest" name="loginPageTitleTest" time="4.403"/>
  <testcase classname="testcases.LoginPageTest" name="logo" time="4.946"/>
  <testcase classname="testcases.LoginPageTest" name="login" time="16.936"/>
</testsuite> <!-- testcases.LoginPageTest -->
