<?xml version="1.0" encoding="UTF-8"?>
<!-- Generated by org.testng.reporters.JUnitReportReporter -->
<testsuite hostname="DISHU" failures="0" tests="7" name="testcases.ContactsPageTest" time="129.166" errors="0" timestamp="2022-07-26T14:30:07 PYT" skipped="0">
  <testcase classname="testcases.ContactsPageTest" name="verifyContactsLabelTest" time="17.440"/>
  <testcase classname="testcases.ContactsPageTest" name="selectSingleContactTest" time="17.529"/>
  <testcase classname="testcases.ContactsPageTest" name="selectMultipleContactsTest" time="17.734"/>
  <testcase classname="testcases.ContactsPageTest" name="validateCreatNewContactTest" time="19.399"/>
  <testcase classname="testcases.ContactsPageTest" name="validateCreatNewContactTest" time="19.072"/>
  <testcase classname="testcases.ContactsPageTest" name="validateCreatNewContactTest" time="19.035"/>
  <testcase classname="testcases.ContactsPageTest" name="validateCreatNewContactTest" time="18.957"/>
</testsuite> <!-- testcases.ContactsPageTest -->
