<?xml version="1.0" encoding="UTF-8"?>
<!-- Generated by org.testng.reporters.JUnitReportReporter -->
<testsuite hostname="DISHU" failures="0" tests="6" name="testcases.DealsPageTest" time="107.112" errors="0" timestamp="26 Jul. 2022 21:20:17 GMT" skipped="0">
  <testcase classname="testcases.DealsPageTest" name="dealsLabelTest" time="16.352"/>
  <testcase classname="testcases.DealsPageTest" name="validateNewDealsTest" time="17.953"/>
  <testcase classname="testcases.DealsPageTest" name="validateNewDealsTest" time="18.720"/>
  <testcase classname="testcases.DealsPageTest" name="validateNewDealsTest" time="18.121"/>
  <testcase classname="testcases.DealsPageTest" name="validateNewDealsTest" time="18.151"/>
  <testcase classname="testcases.DealsPageTest" name="validateNewDealsTest" time="17.815"/>
</testsuite> <!-- testcases.DealsPageTest -->
