<?xml version="1.0" encoding="UTF-8"?>
<!-- Generated by org.testng.reporters.JUnitReportReporter -->
<testsuite hostname="DISHU" failures="0" tests="7" name="testcases.ContactsPageTest" time="123.179" errors="0" timestamp="26 Jul. 2022 21:20:17 GMT" skipped="0">
  <testcase classname="testcases.ContactsPageTest" name="verifyContactsLabelTest" time="17.143"/>
  <testcase classname="testcases.ContactsPageTest" name="selectSingleContactTest" time="17.215"/>
  <testcase classname="testcases.ContactsPageTest" name="selectMultipleContactsTest" time="16.681"/>
  <testcase classname="testcases.ContactsPageTest" name="validateCreatNewContactTest" time="18.343"/>
  <testcase classname="testcases.ContactsPageTest" name="validateCreatNewContactTest" time="18.091"/>
  <testcase classname="testcases.ContactsPageTest" name="validateCreatNewContactTest" time="18.104"/>
  <testcase classname="testcases.ContactsPageTest" name="validateCreatNewContactTest" time="17.602"/>
</testsuite> <!-- testcases.ContactsPageTest -->
