<?xml version="1.0" encoding="UTF-8"?>
<!-- Generated by org.testng.reporters.JUnitReportReporter -->
<testsuite hostname="DISHU" failures="0" tests="5" name="testcases.HomePageTest" time="80.152" errors="0" timestamp="26 Jul. 2022 21:20:17 GMT" skipped="0">
  <testcase classname="testcases.HomePageTest" name="homePageTitleTest" time="15.710"/>
  <testcase classname="testcases.HomePageTest" name="headerTextTest" time="15.695"/>
  <testcase classname="testcases.HomePageTest" name="contactsTest" time="16.394"/>
  <testcase classname="testcases.HomePageTest" name="dealsTest" time="16.075"/>
  <testcase classname="testcases.HomePageTest" name="tasksTest" time="16.278"/>
</testsuite> <!-- testcases.HomePageTest -->
