<?xml version="1.0" encoding="UTF-8"?>
<!-- Generated by org.testng.reporters.JUnitReportReporter -->
<testsuite hostname="DISHU" failures="0" tests="3" name="testcases.LoginPageTest" time="22.324" errors="0" timestamp="26 Jul. 2022 21:20:17 GMT" skipped="0">
  <testcase classname="testcases.LoginPageTest" name="loginPageTitleTest" time="3.227"/>
  <testcase classname="testcases.LoginPageTest" name="logo" time="3.446"/>
  <testcase classname="testcases.LoginPageTest" name="login" time="15.651"/>
</testsuite> <!-- testcases.LoginPageTest -->
