<?xml version="1.0" encoding="UTF-8"?>
<!-- Generated by org.testng.reporters.JUnitReportReporter -->
<testsuite hostname="DISHU" failures="0" tests="5" name="testcases.TasksPageTest" time="87.165" errors="0" timestamp="26 Jul. 2022 21:20:17 GMT" skipped="0">
  <testcase classname="testcases.TasksPageTest" name="tasksLabelTest" time="16.344"/>
  <testcase classname="testcases.TasksPageTest" name="validatenewTasksTest" time="17.782"/>
  <testcase classname="testcases.TasksPageTest" name="validatenewTasksTest" time="17.646"/>
  <testcase classname="testcases.TasksPageTest" name="validatenewTasksTest" time="17.772"/>
  <testcase classname="testcases.TasksPageTest" name="validatenewTasksTest" time="17.621"/>
</testsuite> <!-- testcases.TasksPageTest -->
